# JRE version: OpenJDK Runtime Environment Temurin-21.0.7+6 (21.0.7+6) (build 21.0.7+6-LTS)
# Java VM: OpenJDK 64-Bit Server VM Temurin-21.0.7+6 (21.0.7+6-LTS, mixed mode, sharing, tiered, compressed oops, compressed class ptrs, g1 gc, windows-amd64)
GC Precious Log:
 CardTable entry size: 512
 Card Set container configuration: InlinePtr #cards 4 size 8 Array Of Cards #cards 32 size 80 Howl #buckets 8 coarsen threshold 7372 Howl Bitmap #cards 1024 size 144 coarsen threshold 921 Card regions per heap region 1 cards per card region 8192
 CPUs: 16 total, 16 available
 Memory: 32159M
 Large Page Support: Disabled
 NUMA Support: Disabled
 Compressed Oops: Enabled (Zero based)
 Heap Region Size: 4M
 Heap Min Capacity: 8M
 Heap Initial Capacity: 504M
 Heap Max Capacity: 8040M
 Pre-touch: Disabled
 Parallel Workers: 13
 Concurrent Workers: 3
 Concurrent Refinement Workers: 13
 Periodic GC: Disabled
Heap:
 garbage-first heap   total 516096K, used 83572K [0x0000000609800000, 0x0000000800000000)
  region size 4096K, 18 young (73728K), 4 survivors (16384K)
 Metaspace       used 20739K, committed 21184K, reserved 1114112K
  class space    used 2270K, committed 2496K, reserved 1048576K
GC Heap History (8 events):
Event: 2.125 GC heap before
{Heap before GC invocations=0 (full 0):
 garbage-first heap   total 516096K, used 20480K [0x0000000609800000, 0x0000000800000000)
  region size 4096K, 6 young (24576K), 0 survivors (0K)
 Metaspace       used 3841K, committed 4032K, reserved 1114112K
  class space    used 363K, committed 448K, reserved 1048576K
}
Event: 2.129 GC heap after
{Heap after GC invocations=1 (full 0):
 garbage-first heap   total 516096K, used 10399K [0x0000000609800000, 0x0000000800000000)
  region size 4096K, 1 young (4096K), 1 survivors (4096K)
 Metaspace       used 3841K, committed 4032K, reserved 1114112K
  class space    used 363K, committed 448K, reserved 1048576K
}
Event: 2.617 GC heap before
{Heap before GC invocations=1 (full 0):
 garbage-first heap   total 516096K, used 30879K [0x0000000609800000, 0x0000000800000000)
  region size 4096K, 6 young (24576K), 1 survivors (4096K)
 Metaspace       used 7566K, committed 7808K, reserved 1114112K
  class space    used 763K, committed 896K, reserved 1048576K
}
Event: 2.621 GC heap after
{Heap after GC invocations=2 (full 0):
 garbage-first heap   total 516096K, used 17950K [0x0000000609800000, 0x0000000800000000)
  region size 4096K, 1 young (4096K), 1 survivors (4096K)
 Metaspace       used 7566K, committed 7808K, reserved 1114112K
  class space    used 763K, committed 896K, reserved 1048576K
}
Event: 3.160 GC heap before
{Heap before GC invocations=2 (full 0):
 garbage-first heap   total 516096K, used 58910K [0x0000000609800000, 0x0000000800000000)
  region size 4096K, 11 young (45056K), 1 survivors (4096K)
 Metaspace       used 7999K, committed 8320K, reserved 1114112K
  class space    used 786K, committed 960K, reserved 1048576K
}
Event: 3.163 GC heap after
{Heap after GC invocations=3 (full 0):
 garbage-first heap   total 516096K, used 19068K [0x0000000609800000, 0x0000000800000000)
  region size 4096K, 2 young (8192K), 2 survivors (8192K)
 Metaspace       used 7999K, committed 8320K, reserved 1114112K
  class space    used 786K, committed 960K, reserved 1048576K
}
Event: 4.170 GC heap before
{Heap before GC invocations=3 (full 0):
 garbage-first heap   total 516096K, used 141948K [0x0000000609800000, 0x0000000800000000)
  region size 4096K, 32 young (131072K), 2 survivors (8192K)
 Metaspace       used 11272K, committed 11712K, reserved 1114112K
  class space    used 1195K, committed 1408K, reserved 1048576K
}
Event: 4.178 GC heap after
{Heap after GC invocations=4 (full 0):
 garbage-first heap   total 516096K, used 30324K [0x0000000609800000, 0x0000000800000000)
  region size 4096K, 4 young (16384K), 4 survivors (16384K)
 Metaspace       used 11272K, committed 11712K, reserved 1114112K
  class space    used 1195K, committed 1408K, reserved 1048576K
}

