# JRE version: OpenJDK Runtime Environment Temurin-21.0.7+6 (21.0.7+6) (build 21.0.7+6-LTS)
# Java VM: OpenJDK 64-Bit Server VM Temurin-21.0.7+6 (21.0.7+6-LTS, mixed mode, sharing, tiered, compressed oops, compressed class ptrs, g1 gc, windows-amd64)
GC Precious Log:
 CardTable entry size: 512
 Card Set container configuration: InlinePtr #cards 4 size 8 Array Of Cards #cards 32 size 80 Howl #buckets 8 coarsen threshold 7372 Howl Bitmap #cards 1024 size 144 coarsen threshold 921 Card regions per heap region 1 cards per card region 8192
 CPUs: 16 total, 16 available
 Memory: 32159M
 Large Page Support: Disabled
 NUMA Support: Disabled
 Compressed Oops: Enabled (Zero based)
 Heap Region Size: 4M
 Heap Min Capacity: 8M
 Heap Initial Capacity: 504M
 Heap Max Capacity: 8040M
 Pre-touch: Disabled
 Parallel Workers: 13
 Concurrent Workers: 3
 Concurrent Refinement Workers: 13
 Periodic GC: Disabled
Heap:
 garbage-first heap   total 516096K, used 78419K [0x0000000609800000, 0x0000000800000000)
  region size 4096K, 17 young (69632K), 4 survivors (16384K)
 Metaspace       used 20592K, committed 21120K, reserved 1114112K
  class space    used 2270K, committed 2496K, reserved 1048576K
GC Heap History (8 events):
Event: 6.679 GC heap before
{Heap before GC invocations=0 (full 0):
 garbage-first heap   total 516096K, used 20480K [0x0000000609800000, 0x0000000800000000)
  region size 4096K, 6 young (24576K), 0 survivors (0K)
 Metaspace       used 4534K, committed 4672K, reserved 1114112K
  class space    used 450K, committed 512K, reserved 1048576K
}
Event: 6.683 GC heap after
{Heap after GC invocations=1 (full 0):
 garbage-first heap   total 516096K, used 12910K [0x0000000609800000, 0x0000000800000000)
  region size 4096K, 1 young (4096K), 1 survivors (4096K)
 Metaspace       used 4534K, committed 4672K, reserved 1114112K
  class space    used 450K, committed 512K, reserved 1048576K
}
Event: 7.246 GC heap before
{Heap before GC invocations=1 (full 0):
 garbage-first heap   total 516096K, used 33390K [0x0000000609800000, 0x0000000800000000)
  region size 4096K, 6 young (24576K), 1 survivors (4096K)
 Metaspace       used 7536K, committed 7744K, reserved 1114112K
  class space    used 764K, committed 896K, reserved 1048576K
}
Event: 7.248 GC heap after
{Heap after GC invocations=2 (full 0):
 garbage-first heap   total 516096K, used 17811K [0x0000000609800000, 0x0000000800000000)
  region size 4096K, 1 young (4096K), 1 survivors (4096K)
 Metaspace       used 7536K, committed 7744K, reserved 1114112K
  class space    used 764K, committed 896K, reserved 1048576K
}
Event: 7.835 GC heap before
{Heap before GC invocations=2 (full 0):
 garbage-first heap   total 516096K, used 62867K [0x0000000609800000, 0x0000000800000000)
  region size 4096K, 12 young (49152K), 1 survivors (4096K)
 Metaspace       used 8653K, committed 9024K, reserved 1114112K
  class space    used 891K, committed 1088K, reserved 1048576K
}
Event: 7.840 GC heap after
{Heap after GC invocations=3 (full 0):
 garbage-first heap   total 516096K, used 19061K [0x0000000609800000, 0x0000000800000000)
  region size 4096K, 2 young (8192K), 2 survivors (8192K)
 Metaspace       used 8653K, committed 9024K, reserved 1114112K
  class space    used 891K, committed 1088K, reserved 1048576K
}
Event: 8.922 GC heap before
{Heap before GC invocations=3 (full 0):
 garbage-first heap   total 516096K, used 133749K [0x0000000609800000, 0x0000000800000000)
  region size 4096K, 31 young (126976K), 2 survivors (8192K)
 Metaspace       used 11622K, committed 12032K, reserved 1114112K
  class space    used 1265K, committed 1472K, reserved 1048576K
}
Event: 8.931 GC heap after
{Heap after GC invocations=4 (full 0):
 garbage-first heap   total 516096K, used 29267K [0x0000000609800000, 0x0000000800000000)
  region size 4096K, 4 young (16384K), 4 survivors (16384K)
 Metaspace       used 11622K, committed 12032K, reserved 1114112K
  class space    used 1265K, committed 1472K, reserved 1048576K
}

